[    0.000000] Initializing cgroup subsys cpuset
[    0.000000] Initializing cgroup subsys cpu
[    0.000000] Initializing cgroup subsys cpuacct
[    0.000000] Linux version 4.4.0-200-generic (buildd@lgw01-amd64-032) (gcc version 5.4.0 20160609 (Ubuntu 5.4.0-6ubuntu1~16.04.12) ) #232-Ubuntu SMP Wed Jan 13 10:18:39 UTC 2021 (Ubuntu 4.4.0-200.232-generic 4.4.244)
[    0.000000] Command line: BOOT_IMAGE=/boot/vmlinuz-4.4.0-200-generic root=LABEL=cloudimg-rootfs ro console=tty1 console=ttyS0
[    0.000000] KERNEL supported cpus:
[    0.000000]   Intel GenuineIntel
[    0.000000]   AMD AuthenticAMD
[    0.000000]   Centaur CentaurHauls
[    0.000000] x86/fpu: xstate_offset[2]:  576, xstate_sizes[2]:  256
[    0.000000] x86/fpu: Supporting XSAVE feature 0x01: 'x87 floating point registers'
[    0.000000] x86/fpu: Supporting XSAVE feature 0x02: 'SSE registers'
[    0.000000] x86/fpu: Supporting XSAVE feature 0x04: 'AVX registers'
[    0.000000] x86/fpu: Enabled xstate features 0x7, context size is 832 bytes, using 'standard' format.
[    0.000000] e820: BIOS-provided physical RAM map:
[    0.000000] BIOS-e820: [mem 0x0000000000000000-0x000000000009fbff] usable
[    0.000000] BIOS-e820: [mem 0x000000000009fc00-0x000000000009ffff] reserved
[    0.000000] BIOS-e820: [mem 0x00000000000f0000-0x00000000000fffff] reserved
[    0.000000] BIOS-e820: [mem 0x0000000000100000-0x000000003ffeffff] usable
[    0.000000] BIOS-e820: [mem 0x000000003fff0000-0x000000003fffffff] ACPI data
[    0.000000] BIOS-e820: [mem 0x00000000fec00000-0x00000000fec00fff] reserved
[    0.000000] BIOS-e820: [mem 0x00000000fee00000-0x00000000fee00fff] reserved
[    0.000000] BIOS-e820: [mem 0x00000000fffc0000-0x00000000ffffffff] reserved
[    0.000000] NX (Execute Disable) protection: active
[    0.000000] SMBIOS 2.5 present.
[    0.000000] Hypervisor detected: KVM
[    0.000000] e820: last_pfn = 0x3fff0 max_arch_pfn = 0x400000000
[    0.000000] MTRR: Disabled
[    0.000000] x86/PAT: MTRRs disabled, skipping PAT initialization too.
[    0.000000] CPU MTRRs all blank - virtualized system.
[    0.000000] x86/PAT: Configuration [0-7]: WB  WT  UC- UC  WB  WT  UC- UC  
[    0.000000] found SMP MP-table at [mem 0x0009fff0-0x0009ffff] mapped at [ffff88000009fff0]
[    0.000000] Scanning 1 areas for low memory corruption
[    0.000000] RAMDISK: [mem 0x362dc000-0x37165fff]
[    0.000000] ACPI: Early table checksum verification disabled
[    0.000000] ACPI: RSDP 0x00000000000E0000 000024 (v02 VBOX  )
[    0.000000] ACPI: XSDT 0x000000003FFF0030 00003C (v01 VBOX   VBOXXSDT 00000001 ASL  00000061)
[    0.000000] ACPI: FACP 0x000000003FFF00F0 0000F4 (v04 VBOX   VBOXFACP 00000001 ASL  00000061)
[    0.000000] ACPI: DSDT 0x000000003FFF0470 002325 (v02 VBOX   VBOXBIOS 00000002 INTL 20120111)
[    0.000000] ACPI: FACS 0x000000003FFF0200 000040
[    0.000000] ACPI: FACS 0x000000003FFF0200 000040
[    0.000000] ACPI: APIC 0x000000003FFF0240 00005C (v02 VBOX   VBOXAPIC 00000001 ASL  00000061)
[    0.000000] ACPI: SSDT 0x000000003FFF02A0 0001CC (v01 VBOX   VBOXCPUT 00000002 INTL 20120111)
[    0.000000] No NUMA configuration found
[    0.000000] Faking a node at [mem 0x0000000000000000-0x000000003ffeffff]
[    0.000000] NODE_DATA(0) allocated [mem 0x3ffeb000-0x3ffeffff]
[    0.000000] kvm-clock: Using msrs 4b564d01 and 4b564d00
[    0.000000] kvm-clock: cpu 0, msr 0:3ffe3001, primary cpu clock
[    0.000000] kvm-clock: using sched offset of 3541359569 cycles
[    0.000000] clocksource: kvm-clock: mask: 0xffffffffffffffff max_cycles: 0x1cd42e4dffb, max_idle_ns: 881590591483 ns
[    0.000000] Zone ranges:
[    0.000000]   DMA      [mem 0x0000000000001000-0x0000000000ffffff]
[    0.000000]   DMA32    [mem 0x0000000001000000-0x000000003ffeffff]
[    0.000000]   Normal   empty
[    0.000000]   Device   empty
[    0.000000] Movable zone start for each node
[    0.000000] Early memory node ranges
[    0.000000]   node   0: [mem 0x0000000000001000-0x000000000009efff]
[    0.000000]   node   0: [mem 0x0000000000100000-0x000000003ffeffff]
[    0.000000] Initmem setup node 0 [mem 0x0000000000001000-0x000000003ffeffff]
[    0.000000] ACPI: PM-Timer IO Port: 0x4008
[    0.000000] IOAPIC[0]: apic_id 2, version 32, address 0xfec00000, GSI 0-23
[    0.000000] ACPI: INT_SRC_OVR (bus 0 bus_irq 0 global_irq 2 dfl dfl)
[    0.000000] ACPI: INT_SRC_OVR (bus 0 bus_irq 9 global_irq 9 low level)
[    0.000000] Using ACPI (MADT) for SMP configuration information
[    0.000000] smpboot: Allowing 2 CPUs, 0 hotplug CPUs
[    0.000000] PM: Registered nosave memory: [mem 0x00000000-0x00000fff]
[    0.000000] PM: Registered nosave memory: [mem 0x0009f000-0x0009ffff]
[    0.000000] PM: Registered nosave memory: [mem 0x000a0000-0x000effff]
[    0.000000] PM: Registered nosave memory: [mem 0x000f0000-0x000fffff]
[    0.000000] e820: [mem 0x40000000-0xfebfffff] available for PCI devices
[    0.000000] Booting paravirtualized kernel on KVM
[    0.000000] clocksource: refined-jiffies: mask: 0xffffffff max_cycles: 0xffffffff, max_idle_ns: 7645519600211568 ns
[    0.000000] setup_percpu: NR_CPUS:512 nr_cpumask_bits:512 nr_cpu_ids:2 nr_node_ids:1
[    0.000000] PERCPU: Embedded 33 pages/cpu @ffff88003fc00000 s95640 r8192 d31336 u1048576
[    0.000000] Built 1 zonelists in Node order, mobility grouping on.  Total pages: 257912
[    0.000000] Policy zone: DMA32
[    0.000000] Kernel command line: BOOT_IMAGE=/boot/vmlinuz-4.4.0-200-generic root=LABEL=cloudimg-rootfs ro console=tty1 console=ttyS0
[    0.000000] PID hash table entries: 4096 (order: 3, 32768 bytes)
[    0.000000] Memory: 997656K/1048120K available (8641K kernel code, 1337K rwdata, 4044K rodata, 1492K init, 1296K bss, 50464K reserved, 0K cma-reserved)
[    0.000000] SLUB: HWalign=64, Order=0-3, MinObjects=0, CPUs=2, Nodes=1
[    0.000000] Kernel/User page tables isolation: enabled
[    0.000000] Hierarchical RCU implementation.
[    0.000000] 	Build-time adjustment of leaf fanout to 64.
[    0.000000] 	RCU restricting CPUs from NR_CPUS=512 to nr_cpu_ids=2.
[    0.000000] RCU: Adjusting geometry for rcu_fanout_leaf=64, nr_cpu_ids=2
[    0.000000] NR_IRQS:33024 nr_irqs:440 16
[    0.000000] Console: colour VGA+ 80x25
[    0.000000] console [tty1] enabled
[    0.000000] console [ttyS0] enabled
[    0.000000] tsc: Detected 2808.000 MHz processor
[    0.119540] Calibrating delay loop (skipped) preset value.. 5616.00 BogoMIPS (lpj=11232000)
[    0.121267] pid_max: default: 32768 minimum: 301
[    0.122049] ACPI: Core revision 20150930
[    0.123399] ACPI: 2 ACPI AML tables successfully acquired and loaded
[    0.124886] Security Framework initialized
[    0.125750] Yama: becoming mindful.
[    0.126402] AppArmor: AppArmor initialized
[    0.127197] Dentry cache hash table entries: 131072 (order: 8, 1048576 bytes)
[    0.130366] Inode-cache hash table entries: 65536 (order: 7, 524288 bytes)
[    0.131873] Mount-cache hash table entries: 2048 (order: 2, 16384 bytes)
[    0.133030] Mountpoint-cache hash table entries: 2048 (order: 2, 16384 bytes)
[    0.134730] Initializing cgroup subsys io
[    0.135745] Initializing cgroup subsys memory
[    0.136491] Initializing cgroup subsys devices
[    0.137300] Initializing cgroup subsys freezer
[    0.138037] Initializing cgroup subsys net_cls
[    0.138784] Initializing cgroup subsys perf_event
[    0.139983] Initializing cgroup subsys net_prio
[    0.140827] Initializing cgroup subsys hugetlb
[    0.141921] Initializing cgroup subsys pids
[    0.153840] mce: CPU supports 0 MCE banks
[    0.154768] Last level iTLB entries: 4KB 64, 2MB 8, 4MB 8
[    0.156184] Last level dTLB entries: 4KB 64, 2MB 0, 4MB 0, 1GB 4
[    0.157698] Spectre V1 : Mitigation: usercopy/swapgs barriers and __user pointer sanitization
[    0.159191] Spectre V2 : Mitigation: Full generic retpoline
[    0.160252] Spectre V2 : Spectre v2 / SpectreRSB mitigation: Filling RSB on context switch
[    0.161758] Speculative Store Bypass: Vulnerable
[    0.162552] SRBDS: Unknown: Dependent on hypervisor status
[    0.163509] MDS: Mitigation: Clear CPU buffers
[    0.166310] Freeing SMP alternatives memory: 36K
[    0.171966] ftrace: allocating 32360 entries in 127 pages
[    0.218023] smpboot: APIC(0) Converting physical 0 to logical package 0
[    0.219465] smpboot: Max logical packages: 1
[    0.220699] x2apic enabled
[    0.221331] Switched APIC routing to physical x2apic.
[    0.222912] ..TIMER: vector=0x30 apic1=0 pin1=2 apic2=-1 pin2=-1
[    0.331891] smpboot: CPU0: Intel(R) Core(TM) i7-8569U CPU @ 2.80GHz (family: 0x6, model: 0x8e, stepping: 0xa)
[    0.334500] Performance Events: unsupported p6 CPU model 142 no PMU driver, software events only.
[    0.344127] KVM setup paravirtual spinlock
[    0.345741] x86: Booting SMP configuration:
[    0.346682] .... node  #0, CPUs:      #1
[    0.347428] kvm-clock: cpu 1, msr 0:3ffe3041, secondary cpu clock
[    0.360048] mce: CPU supports 0 MCE banks
[    0.362911] x86: Booted up 1 node, 2 CPUs
[    0.363942] smpboot: Total of 2 processors activated (11232.00 BogoMIPS)
[    0.365806] devtmpfs: initialized
[    0.368215] evm: security.selinux
[    0.369019] evm: security.SMACK64
[    0.369655] evm: security.SMACK64EXEC
[    0.370805] evm: security.SMACK64TRANSMUTE
[    0.371698] evm: security.SMACK64MMAP
[    0.372446] evm: security.ima
[    0.373264] evm: security.capability
[    0.374138] clocksource: jiffies: mask: 0xffffffff max_cycles: 0xffffffff, max_idle_ns: 7645041785100000 ns
[    0.376486] futex hash table entries: 512 (order: 3, 32768 bytes)
[    0.377890] pinctrl core: initialized pinctrl subsystem
[    0.378957] RTC time: 22:29:54, date: 03/26/21
[    0.380011] NET: Registered protocol family 16
[    0.391952] cpuidle: using governor ladder
[    0.404418] cpuidle: using governor menu
[    0.405637] PCCT header not found.
[    0.406680] ACPI: bus type PCI registered
[    0.407823] acpiphp: ACPI Hot Plug PCI Controller Driver version: 0.5
[    0.409631] PCI: Using configuration type 1 for base access
[    0.425491] ACPI: Added _OSI(Module Device)
[    0.426966] ACPI: Added _OSI(Processor Device)
[    0.428107] ACPI: Added _OSI(3.0 _SCP Extensions)
[    0.429241] ACPI: Added _OSI(Processor Aggregator Device)
[    0.431207] ACPI: Executed 1 blocks of module-level executable AML code
[    0.434419] ACPI: Interpreter enabled
[    0.435258] ACPI: (supports S0 S5)
[    0.436097] ACPI: Using IOAPIC for interrupt routing
[    0.437157] PCI: Using host bridge windows from ACPI; if necessary, use "pci=nocrs" and report a bug
[    0.442603] ACPI: PCI Root Bridge [PCI0] (domain 0000 [bus 00-ff])
[    0.443639] acpi PNP0A03:00: _OSC: OS supports [ASPM ClockPM Segments MSI]
[    0.445210] acpi PNP0A03:00: _OSC: not requesting OS control; OS requires [ExtendedConfig ASPM ClockPM MSI]
[    0.447356] acpi PNP0A03:00: fail to add MMCONFIG information, can't access extended PCI configuration space under this bridge.
[    0.449660] PCI host bridge to bus 0000:00
[    0.450369] pci_bus 0000:00: root bus resource [io  0x0000-0x0cf7 window]
[    0.451477] pci_bus 0000:00: root bus resource [io  0x0d00-0xffff window]
[    0.452652] pci_bus 0000:00: root bus resource [mem 0x000a0000-0x000bffff window]
[    0.453933] pci_bus 0000:00: root bus resource [mem 0x40000000-0xfdffffff window]
[    0.455216] pci_bus 0000:00: root bus resource [bus 00-ff]
[    0.458061] pci 0000:00:01.1: legacy IDE quirk: reg 0x10: [io  0x01f0-0x01f7]
[    0.459368] pci 0000:00:01.1: legacy IDE quirk: reg 0x14: [io  0x03f6]
[    0.460416] pci 0000:00:01.1: legacy IDE quirk: reg 0x18: [io  0x0170-0x0177]
[    0.468001] pci 0000:00:01.1: legacy IDE quirk: reg 0x1c: [io  0x0376]
[    0.479287] pci 0000:00:07.0: quirk: [io  0x4000-0x403f] claimed by PIIX4 ACPI
[    0.481113] pci 0000:00:07.0: quirk: [io  0x4100-0x410f] claimed by PIIX4 SMB
[    0.486535] ACPI: PCI Interrupt Link [LNKA] (IRQs 5 9 10 *11)
[    0.488449] ACPI: PCI Interrupt Link [LNKB] (IRQs 5 9 *10 11)
[    0.489757] ACPI: PCI Interrupt Link [LNKC] (IRQs 5 *9 10 11)
[    0.490993] ACPI: PCI Interrupt Link [LNKD] (IRQs 5 9 10 *11)
[    0.492501] ACPI: Enabled 2 GPEs in block 00 to 07
[    0.493667] vgaarb: setting as boot device: PCI:0000:00:02.0
[    0.495076] vgaarb: device added: PCI:0000:00:02.0,decodes=io+mem,owns=io+mem,locks=none
[    0.496588] vgaarb: loaded
[    0.497113] vgaarb: bridge control possible 0000:00:02.0
[    0.498158] SCSI subsystem initialized
[    0.498980] ACPI: bus type USB registered
[    0.499970] usbcore: registered new interface driver usbfs
[    0.501104] usbcore: registered new interface driver hub
[    0.501978] usbcore: registered new device driver usb
[    0.503073] PCI: Using ACPI for IRQ routing
[    0.505683] NetLabel: Initializing
[    0.506537] NetLabel:  domain hash size = 128
[    0.507474] NetLabel:  protocols = UNLABELED CIPSOv4
[    0.508444] NetLabel:  unlabeled traffic allowed by default
[    0.509608] amd_nb: Cannot enumerate AMD northbridges
[    0.510502] clocksource: Switched to clocksource kvm-clock
[    0.517555] AppArmor: AppArmor Filesystem Enabled
[    0.518677] pnp: PnP ACPI init
[    0.520244] pnp: PnP ACPI: found 3 devices
[    0.529760] clocksource: acpi_pm: mask: 0xffffff max_cycles: 0xffffff, max_idle_ns: 2085701024 ns
[    0.532291] NET: Registered protocol family 2
[    0.533620] TCP established hash table entries: 8192 (order: 4, 65536 bytes)
[    0.534947] TCP bind hash table entries: 8192 (order: 5, 131072 bytes)
[    0.536083] TCP: Hash tables configured (established 8192 bind 8192)
[    0.537202] UDP hash table entries: 512 (order: 2, 16384 bytes)
[    0.538299] UDP-Lite hash table entries: 512 (order: 2, 16384 bytes)
[    0.539446] NET: Registered protocol family 1
[    0.540396] pci 0000:00:00.0: Limiting direct PCI/PCI transfers
[    0.541373] pci 0000:00:01.0: Activating ISA DMA hang workarounds
[    0.543066] Unpacking initramfs...
[    0.727658] Freeing initrd memory: 14888K
[    0.728776] clocksource: tsc: mask: 0xffffffffffffffff max_cycles: 0x2879c5f06f2, max_idle_ns: 440795220049 ns
[    0.731274] platform rtc_cmos: registered platform RTC device (no PNP device found)
[    0.732769] Scanning for low memory corruption every 60 seconds
[    0.734125] audit: initializing netlink subsys (disabled)
[    0.735114] audit: type=2000 audit(1616797800.599:1): initialized
[    0.737038] Initialise system trusted keyring
[    0.737952] HugeTLB registered 2 MB page size, pre-allocated 0 pages
[    0.739887] zbud: loaded
[    0.740652] VFS: Disk quotas dquot_6.6.0
[    0.741362] VFS: Dquot-cache hash table entries: 512 (order 0, 4096 bytes)
[    0.742604] squashfs: version 4.0 (2009/01/31) Phillip Lougher
[    0.743778] fuse init (API version 7.23)
[    0.744578] Key type big_key registered
[    0.745271] Allocating IMA MOK and blacklist keyrings.
[    0.747205] Key type asymmetric registered
[    0.748033] Asymmetric key parser 'x509' registered
[    0.748877] Block layer SCSI generic (bsg) driver version 0.4 loaded (major 249)
[    0.750655] io scheduler noop registered
[    0.751348] io scheduler deadline registered (default)
[    0.752213] io scheduler cfq registered
[    0.752955] pci_hotplug: PCI Hot Plug PCI Core version: 0.5
[    0.753860] pciehp: PCI Express Hot Plug Controller Driver version: 0.4
[    0.755273] ACPI: AC Adapter [AC] (on-line)
[    0.756048] input: Power Button as /devices/LNXSYSTM:00/LNXPWRBN:00/input/input0
[    0.757322] ACPI: Power Button [PWRF]
[    0.758089] input: Sleep Button as /devices/LNXSYSTM:00/LNXSLPBN:00/input/input1
[    0.759470] ACPI: Sleep Button [SLPF]
[    0.760270] GHES: HEST is not enabled!
[    0.761206] ACPI: Battery Slot [BAT0] (battery present)
[    0.762464] Serial: 8250/16550 driver, 32 ports, IRQ sharing enabled
[    0.783972] 00:02: ttyS0 at I/O 0x3f8 (irq = 4, base_baud = 115200) is a 16550A
[    0.788045] Linux agpgart interface v0.103
[    0.790592] loop: module loaded
[    0.791969] scsi host0: ata_piix
[    0.792673] scsi host1: ata_piix
[    0.793376] ata1: PATA max UDMA/33 cmd 0x1f0 ctl 0x3f6 bmdma 0xd000 irq 14
[    0.794683] ata2: PATA max UDMA/33 cmd 0x170 ctl 0x376 bmdma 0xd008 irq 15
[    0.796150] libphy: Fixed MDIO Bus: probed
[    0.796960] tun: Universal TUN/TAP device driver, 1.6
[    0.797940] tun: (C) 1999-2004 Max Krasnyansky <maxk@qualcomm.com>
[    0.799144] PPP generic driver version 2.4.2
[    0.800168] ehci_hcd: USB 2.0 'Enhanced' Host Controller (EHCI) Driver
[    0.801455] ehci-pci: EHCI PCI platform driver
[    0.802327] ehci-platform: EHCI generic platform driver
[    0.803390] ohci_hcd: USB 1.1 'Open' Host Controller (OHCI) Driver
[    0.804459] ohci-pci: OHCI PCI platform driver
[    0.805343] ohci-platform: OHCI generic platform driver
[    0.806247] uhci_hcd: USB Universal Host Controller Interface driver
[    0.807369] i8042: PNP: PS/2 Controller [PNP0303:PS2K,PNP0f03:PS2M] at 0x60,0x64 irq 1,12
[    0.809218] serio: i8042 KBD port at 0x60,0x64 irq 1
[    0.810053] serio: i8042 AUX port at 0x60,0x64 irq 12
[    0.811525] mousedev: PS/2 mouse device common for all mice
[    0.813063] input: AT Translated Set 2 keyboard as /devices/platform/i8042/serio0/input/input2
[    0.815230] rtc_cmos rtc_cmos: rtc core: registered rtc_cmos as rtc0
[    0.816781] rtc_cmos rtc_cmos: alarms up to one day, 114 bytes nvram
[    0.818268] i2c /dev entries driver
[    0.819030] device-mapper: uevent: version 1.0.3
[    0.819951] device-mapper: ioctl: 4.34.0-ioctl (2015-10-28) initialised: dm-devel@redhat.com
[    0.821371] ledtrig-cpu: registered to indicate activity on CPUs
[    0.822732] NET: Registered protocol family 10
[    0.823667] NET: Registered protocol family 17
[    0.824445] Key type dns_resolver registered
[    0.825473] registered taskstats version 1
[    0.826202] Loading compiled-in X.509 certificates
[    0.827441] Loaded X.509 cert 'Build time autogenerated kernel key: d37465c24ef3fae6c7088e8c56d8ac7755b77486'
[    0.829072] zswap: loaded using pool lzo/zbud
[    0.831597] Key type trusted registered
[    0.834914] Key type encrypted registered
[    0.835844] AppArmor: AppArmor sha1 policy hashing enabled
[    0.836761] ima: No TPM chip found, activating TPM-bypass!
[    0.837662] ima: Allocated hash algorithm: sha1
[    0.838458] evm: HMAC attrs: 0x1
[    0.839463]   Magic number: 13:197:503
[    0.840188] rtc_cmos rtc_cmos: setting system clock to 2021-03-26 22:29:55 UTC (1616797795)
[    0.841787] BIOS EDD facility v0.16 2004-Jun-25, 0 devices found
[    0.843072] EDD information not available.
[    0.974705] Freeing unused kernel memory: 1492K
[    0.975943] Write protecting the kernel read-only data: 14336k
[    0.977280] Freeing unused kernel memory: 1588K
[    0.978141] Freeing unused kernel memory: 52K
Loading, please wait...
starting version 229
[    0.988977] random: systemd-udevd: uninitialized urandom read (16 bytes read, 3 bits of entropy available)
[    0.989714] random: udevadm: uninitialized urandom read (16 bytes read, 3 bits of entropy available)
[    0.989736] random: udevadm: uninitialized urandom read (16 bytes read, 3 bits of entropy available)
[    0.995967] random: systemd-udevd: uninitialized urandom read (16 bytes read, 3 bits of entropy available)
[    0.996403] random: udevadm: uninitialized urandom read (16 bytes read, 3 bits of entropy available)
[    0.996442] random: udevadm: uninitialized urandom read (16 bytes read, 3 bits of entropy available)
[    0.996546] random: udevadm: uninitialized urandom read (16 bytes read, 3 bits of entropy available)
[    0.996590] random: udevadm: uninitialized urandom read (16 bytes read, 3 bits of entropy available)
[    0.996632] random: udevadm: uninitialized urandom read (16 bytes read, 3 bits of entropy available)
[    0.996677] random: udevadm: uninitialized urandom read (16 bytes read, 3 bits of entropy available)
[    1.040604] e1000: Intel(R) PRO/1000 Network Driver - version 7.3.21-k8-NAPI
[    1.042104] e1000: Copyright (c) 1999-2006 Intel Corporation.
[    1.046196] Fusion MPT base driver 3.04.20
[    1.047412] Copyright (c) 1999-2008 LSI Corporation
[    1.052168] Fusion MPT SPI Host driver 3.04.20
[    1.066057] AVX2 version of gcm_enc/dec engaged.
[    1.067429] AES CTR mode by8 optimization enabled
[    1.251561] input: ImExPS/2 Generic Explorer Mouse as /devices/platform/i8042/serio1/input/input4
[    1.423989] e1000 0000:00:03.0 eth0: (PCI:33MHz:32-bit) 02:70:03:f6:9b:c7
[    1.425817] e1000 0000:00:03.0 eth0: Intel(R) PRO/1000 Network Connection
[    1.428003] mptbase: ioc0: Initiating bringup
[    1.428632] e1000 0000:00:03.0 enp0s3: renamed from eth0
[    1.491388] ioc0: LSI53C1030 A0: Capabilities={Initiator}
[    1.653983] scsi host2: ioc0: LSI53C1030 A0, FwRev=00000000h, Ports=1, MaxQ=256, IRQ=20
[    1.767186] scsi 2:0:0:0: Direct-Access     VBOX     HARDDISK         1.0  PQ: 0 ANSI: 5
[    1.769496] scsi target2:0:0: Beginning Domain Validation
[    1.771592] scsi target2:0:0: Domain Validation skipping write tests
[    1.772861] scsi target2:0:0: Ending Domain Validation
[    1.774000] scsi target2:0:0: asynchronous
[    1.775294] scsi 2:0:1:0: Direct-Access     VBOX     HARDDISK         1.0  PQ: 0 ANSI: 5
[    1.776863] scsi target2:0:1: Beginning Domain Validation
[    1.778549] scsi target2:0:1: Domain Validation skipping write tests
[    1.779644] scsi target2:0:1: Ending Domain Validation
[    1.787333] scsi target2:0:1: asynchronous
[    1.793042] sd 2:0:0:0: [sda] 20971520 512-byte logical blocks: (10.7 GB/10.0 GiB)
[    1.793362] sd 2:0:0:0: Attached scsi generic sg0 type 0
[    1.793472] sd 2:0:1:0: Attached scsi generic sg1 type 0
[    1.794090] sd 2:0:1:0: [sdb] 20480 512-byte logical blocks: (10.5 MB/10.0 MiB)
[    1.794209] sd 2:0:1:0: [sdb] Write Protect is off
[    1.794290] sd 2:0:1:0: [sdb] Incomplete mode parameter data
[    1.794291] sd 2:0:1:0: [sdb] Assuming drive cache: write through
[    1.795624] sd 2:0:1:0: [sdb] Attached SCSI disk
[    1.801515] sd 2:0:0:0: [sda] Write Protect is off
[    1.802441] sd 2:0:0:0: [sda] Incomplete mode parameter data
[    1.803495] sd 2:0:0:0: [sda] Assuming drive cache: write through
[    1.806129]  sda: sda1
[    1.807186] sd 2:0:0:0: [sda] Attached SCSI disk
Begin: Loading essential drivers ... [    3.073117] md: linear personality registered for level -1
[    3.077546] md: multipath personality registered for level -4
[    3.082926] md: raid0 personality registered for level 0
[    3.089716] md: raid1 personality registered for level 1
[    3.162535] raid6: sse2x1   gen() 12682 MB/s
[    3.230734] raid6: sse2x1   xor()  9481 MB/s
[    3.301123] raid6: sse2x2   gen() 16849 MB/s
[    3.366918] raid6: sse2x2   xor() 11079 MB/s
[    3.436219] raid6: sse2x4   gen() 18099 MB/s
[    3.502644] raid6: sse2x4   xor() 12370 MB/s
[    3.570847] raid6: avx2x1   gen() 22977 MB/s
[    3.639054] raid6: avx2x2   gen() 33092 MB/s
[    3.706600] raid6: avx2x4   gen() 36231 MB/s
[    3.707435] raid6: using algorithm avx2x4 gen() 36231 MB/s
[    3.708407] raid6: using avx2x2 recovery algorithm
[    3.710313] xor: automatically using best checksumming function:
[    3.750535]    avx       : 28055.000 MB/sec
[    3.752896] async_tx: api initialized (async)
[    3.762801] md: raid6 personality registered for level 6
[    3.764035] md: raid5 personality registered for level 5
[    3.765509] md: raid4 personality registered for level 4
[    3.772660] md: raid10 personality registered for level 10
done.
Begin: Running /scripts/init-premount ... done.
Begin: Mounting root file system ... Begin: Running /scripts/local-top ... done.
Begin: Running /scripts/local-premount ... [    3.796446] Btrfs loaded
Scanning for Btrfs filesystems
done.
Warning: fsck not present, so skipping root file system
[    3.817655] EXT4-fs (sda1): mounted filesystem with ordered data mode. Opts: (null)
done.
Begin: Running /scripts/local-bottom ... done.
Begin: Running /scripts/init-bottom ... done.
[    3.892671] systemd[1]: systemd 229 running in system mode. (+PAM +AUDIT +SELINUX +IMA +APPARMOR +SMACK +SYSVINIT +UTMP +LIBCRYPTSETUP +GCRYPT +GNUTLS +ACL +XZ -LZ4 +SECCOMP +BLKID +ELFUTILS +KMOD -IDN)
[    3.895791] systemd[1]: Detected virtualization oracle.
[    3.896715] systemd[1]: Detected architecture x86-64.

Welcome to [1mUbuntu 16.04.7 LTS[0m!

[    3.899953] systemd[1]: Set hostname to <ubuntu>.
[    3.903711] systemd[1]: Initializing machine ID from random generator.
[    3.905540] systemd[1]: Installed transient /etc/machine-id file.
[    4.008558] systemd[1]: Reached target System Time Synchronized.
[[0;32m  OK  [0m] Reached target System Time Synchronized.
[    4.010617] systemd[1]: Listening on Journal Socket.
[[0;32m  OK  [0m] Listening on Journal Socket.
[    4.012290] systemd[1]: Set up automount Arbitrary Executable File Formats File System Automount Point.
[[0;32m  OK  [0m] Set up automount Arbitrary Executab...ats File System Automount Point.
[    4.015476] systemd[1]: Listening on udev Control Socket.
[[0;32m  OK  [0m] Listening on udev Control Socket.
[    4.017160] systemd[1]: Listening on udev Kernel Socket.
[[0;32m  OK  [0m] Listening on udev Kernel Socket.
[    4.019215] systemd[1]: Listening on LVM2 poll daemon socket.
[[0;32m  OK  [0m] Listening on LVM2 poll daemon socket.
[    4.021362] systemd[1]: Listening on Syslog Socket.
[[0;32m  OK  [0m] Listening on Syslog Socket.
[    4.030944] systemd[1]: Listening on Journal Audit Socket.
[[0;32m  OK  [0m] Listening on Journal Audit Socket.
[    4.033352] systemd[1]: Listening on /dev/initctl Compatibility Named Pipe.
[[0;32m  OK  [0m] Listening on /dev/initctl Compatibility Named Pipe.
[    4.043314] systemd[1]: Listening on Device-mapper event daemon FIFOs.
[[0;32m  OK  [0m] Listening on Device-mapper event daemon FIFOs.
[    4.055401] systemd[1]: Created slice User and Session Slice.
[[0;32m  OK  [0m] Created slice User and Session Slice.
[    4.058955] systemd[1]: Started Trigger resolvconf update for networkd DNS.
[[0;32m  OK  [0m] Started Trigger resolvconf update for networkd DNS.
[    4.062545] systemd[1]: Listening on LVM2 metadata daemon socket.
[[0;32m  OK  [0m] Listening on LVM2 metadata daemon socket.
[    4.065081] systemd[1]: Reached target User and Group Name Lookups.
[[0;32m  OK  [0m] Reached target User and Group Name Lookups.
[    4.067085] systemd[1]: Reached target Swap.
[[0;32m  OK  [0m] Reached target Swap.
[    4.068771] systemd[1]: Listening on Journal Socket (/dev/log).
[[0;32m  OK  [0m] Listening on Journal Socket (/dev/log).
[    4.075113] systemd[1]: Reached target Encrypted Volumes.
[[0;32m  OK  [0m] Reached target Encrypted Volumes.
[    4.077584] systemd[1]: Created slice System Slice.
[[0;32m  OK  [0m] Created slice System Slice.
[    4.091092] systemd[1]: Mounting Huge Pages File System...
         Mounting Huge Pages File System...
[    4.095282] systemd[1]: Starting Create list of required static device nodes for the current kernel...
         Starting Create list of required st... nodes for the current kernel...
[    4.099620] systemd[1]: Created slice system-serial\x2dgetty.slice.
[[0;32m  OK  [0m] Created slice system-serial\x2dgetty.slice.
[    4.103429] systemd[1]: Starting Load Kernel Modules...
         Starting Load Kernel Modules...
[    4.106098] systemd[1]: Starting Journal Service...
         Starting Journal Service...
[    4.107747] systemd[1]: Reached target Slices.
[[0;32m  OK  [0m] Reached target Slices.
[    4.110367] systemd[1]: Starting Remount Root and Kernel File Systems...
         Starting Remount Root and Kernel File Systems...
[    4.113012] systemd[1]: Starting Nameserver information manager...
         Starting Nameserver information manager...
[    4.116767] systemd[1]: Mounting POSIX Message Queue File System...
         Mounting POSIX Message Queue File System...
[    4.119197] Loading iSCSI transport class v2.0-870.
[    4.119437] systemd[1]: Starting Set console keymap...
[    4.119697] EXT4-fs (sda1): re-mounted. Opts: (null)
         Starting Set console keymap...
[    4.125420] systemd[1]: Mounting Debug File System...
         Mounting Debug File System...
[    4.127557] systemd[1]: Starting Uncomplicated firewall...
         Starting Uncomplicated firewall...
[    4.130899] systemd[1]: Starting Monitoring of LVM2 mirrors, snapshots etc. using dmeventd or progress polling...
         Starting Monitoring of LVM2 mirrors... dmeventd or progress polling...
[    4.135379] systemd[1]: Started Forward Password Requests to Wall Directory Watch.
[[0;32m  OK  [0m] Started Forward Password Requests to Wall Directory Watch.
[    4.140493] systemd[1]: Mounted Debug File System.
[[0;32m  OK  [0m] Mounted Debug File System.
[    4.142749] systemd[1]: Mounted Huge Pages File System.
[[0;32m  OK  [0m] Mounted Huge Pages File System.
[    4.145138] systemd[1]: Mounted POSIX Message Queue File System.
[[0;32m  OK  [0m] Mounted POSIX Message Queue File System.
[    4.154927] systemd[1]: Started Journal Service.
[    4.156521] iscsi: registered transport (tcp)
[[0;32m  OK  [0m] Started Journal Service.
[[0;32m  OK  [0m] Started Create list of required sta...ce nodes for the current kernel.
[[0;32m  OK  [0m] Started Remount Root and Kernel File Systems.
[[0;32m  OK  [0m] Started Uncomplicated firewall.
[[0;32m  OK  [0m] Started LVM2 metadata daemon.
         Starting udev Coldplug all Devices...
         Starting Load/Save Random Seed...
         Starting Create Static Device Nodes in /dev...
         Starting Flush Journal to Persistent Storage...
[[0;32m  OK  [0m] Started Nameserver information manager.
[[0;32m  OK  [0m] Started Load/Save Random Seed.
[    4.203787] systemd-journald[375]: Received request to flush runtime journal from PID 1
[[0;32m  OK  [0m] Started Flush Journal to Persistent Storage.
[    4.221386] iscsi: registered transport (iser)
[[0;32m  OK  [0m] Started Load Kernel Modules.
[[0;32m  OK  [0m] Started Set console keymap.
[[0;32m  OK  [0m] Started Create Static Device Nodes in /dev.
         Starting udev Kernel Device Manager...
         Mounting FUSE Control File System...
         Starting Apply Kernel Variables...
[[0;32m  OK  [0m] Mounted FUSE Control File System.
[[0;32m  OK  [0m] Started Apply Kernel Variables.
[[0;32m  OK  [0m] Started udev Kernel Device Manager.
[[0;32m  OK  [0m] Started udev Coldplug all Devices.
[[0;32m  OK  [0m] Started Dispatch Password Requests to Console Directory Watch.
[[0;32m  OK  [0m] Found device /dev/ttyS0.
[[0;32m  OK  [0m] Listening on Load/Save RF Kill Switch Status /dev/rfkill Watch.
[[0;32m  OK  [0m] Started Monitoring of LVM2 mirrors,...ng dmeventd or progress polling.
[[0;32m  OK  [0m] Reached target Local File Systems (Pre).
[[0;32m  OK  [0m] Reached target Local File Systems.
         Starting LSB: AppArmor initialization...
         Starting Create Volatile Files and Directories...
         Starting Tell Plymouth To Write Out Runtime Data...
         Starting Initial cloud-init job (pre-networking)...
         Starting Commit a transient machine-id on disk...
         Starting Set console font and keymap...
[[0;32m  OK  [0m] Started Create Volatile Files and Directories.
         Starting Update UTMP about System Boot/Shutdown...
[[0;32m  OK  [0m] Started Tell Plymouth To Write Out Runtime Data.
[[0;32m  OK  [0m] Started Update UTMP about System Boot/Shutdown.
[[0;32m  OK  [0m] Started Commit a transient machine-id on disk.
[[0;32m  OK  [0m] Started Set console font and keymap.
[[0;32m  OK  [0m] Created slice system-getty.slice.
[[0;32m  OK  [0m] Started LSB: AppArmor initialization.
         Starting Load AppArmor profiles managed internally by snapd...
[[0;32m  OK  [0m] Started Load AppArmor profiles managed internally by snapd.
[    5.501148] cloud-init[611]: Cloud-init v. 20.4-0ubuntu1~16.04.2 running 'init-local' at Fri, 26 Mar 2021 22:29:59 +0000. Up 5.19 seconds.
[[0;32m  OK  [0m] Started Initial cloud-init job (pre-networking).
[[0;32m  OK  [0m] Reached target Network (Pre).
         Starting Raise network interfaces...
[[0;32m  OK  [0m] Started Raise network interfaces.
[[0;32m  OK  [0m] Reached target Network.
         Starting Initial cloud-init job (metadata service crawler)...
[    6.338898] cloud-init[950]: Cloud-init v. 20.4-0ubuntu1~16.04.2 running 'init' at Fri, 26 Mar 2021 22:30:00 +0000. Up 5.96 seconds.
[    6.348352] cloud-init[950]: ci-info: +++++++++++++++++++++++++++++++++++++Net device info++++++++++++++++++++++++++++++++++++++
[    6.349525] cloud-init[950]: ci-info: +--------+------+---------------------------+---------------+--------+-------------------+
[    6.350635] cloud-init[950]: ci-info: | Device |  Up  |          Address          |      Mask     | Scope  |     Hw-Address    |
[    6.352325] cloud-init[950]: ci-info: +--------+------+---------------------------+---------------+--------+-------------------+
[    6.354053] cloud-init[950]: ci-info: | enp0s3 | True |         10.0.2.15         | 255.255.255.0 | global | 02:70:03:f6:9b:c7 |
[    6.360334] cloud-init[950]: ci-info: | enp0s3 | True | fe80::70:3ff:fef6:9bc7/64 |       .       |  link  | 02:70:03:f6:9b:c7 |
[[0;32m  OK  [0m] Started Initial cloud-init job (metadata service crawler).
[    6.368597] cloud-init[950]: ci-info: |   lo   | True |         127.0.0.1         |   255.0.0.0   |  host  |         .         |
[    6.370378] [cloud-init[0;32m  OK  [0m[950]: ] ci-info: |   lo   | True |          ::1/128          |       .       |  host  |         .         |Reached target Network is Online.

[    6.371276] cloud-init[950]: ci-info: +--------+------+---------------------------+---------------+--------+-------------------+
[    6.373530] cloud-init[950]: ci-info: +++++++++++++++++++++++++++Route IPv4 info++++++++++++++++++++++++++++
[    6.374947] cloud-init[950]: ci-info: +-------+-------------+----------+---------------+-----------+-------+
[    6.376390] cloud-init[950]: ci-info: | Route | Destination | Gateway  |    Genmask    | Interface | Flags |
[    6.377786] cloud-init[950]: ci-info: +-------+-------------+----------+---------------+-----------+-------+
[    6.379202] cloud-init[950]: ci-info: |   0   |   0.0.0.0   | 10.0.2.2 |    0.0.0.0    |   enp0s3  |   UG  |
[    6.380686] cloud-init[950]: ci-info: |   1   |   10.0.2.0  | 0.0.0.0  | 255.255.255.0 |   enp0s3  |   U   |
[    6.382116] cloud-init[950]: ci-info: +-------+-------------+----------+---------------+-----------+-------+
[    6.383532] cloud-init[950]:          Starting iSCSI initiator daemon (iscsid)...
[[0;32m  OK  [0m] Reached target Cloud-config availability.
[[0;32m  OK  [0m] Reached target System Initialization.
ci-info: +++++++++++++++++++Route IPv6 info+++++++++++++++++++
[    6.386554] cloud-init[950]: ci-info: +-------+-------------+---------+-----------+-------+
         Starting LXD - unix socket.
[    6.388139] cloud-init[950]: ci-info: | Route | Destination | Gateway | Interface | Flags |
[    6.389885] cloud-init[950]: ci-info: +-------+-------------+---------+-----------+-------+
[[0;32m  OK  [0m] Started ACPI Events Check.
[[0;32m  OK  [0m] Reached target Paths.
[[0;32m  OK  [0m] Started Message of the Day.
[[0;32m  OK  [0m] Started Daily Cleanup of Temporary Directories.
[[0;32m  OK  [0m] Listening on UUID daemon activation socket.
[[0;32m  OK  [0m] Started Daily apt download activities.
[[0;32m  OK  [0m] Started Daily apt upgrade and clean activities.
[[0;32m  OK  [0m] Reached target Timers.
[[0;32m  OK  [0m] Listening on D-Bus System Message Bus Socket.
[[0;32m  OK  [0m] Listening on ACPID Listen Socket.
         Starting Socket activation for snappy daemon.
[[0;32m  OK  [0m] Listening on LXD - unix socket.
[[0;32m  OK  [0m] Listening on Socket activation for snappy daemon.
[    6.394301] cloud-init[950]: ci-info: |   0   |  fe80::/64  |    ::   |   enp0s3  |   U   |
[    6.403749] [[0;32m  OK  [0m] Reached target Sockets.
[[0;32m  OK  [0m] Reached target Basic System.
cloud-init         Starting Login Service...
[950]: ci-info: |   3   |   ff00::/8  |    ::   |   enp0s3  |   U   |         Starting LSB: MD monitoring daemon...

         Starting LXD - container startup/shutdown...
[    6.408299] [[0;32m  OK  [0m] Started ACPI event daemon.
         Starting Pollinate to seed the pseudo random number generator...
         Starting Accounts Service...
[[0;32m  OK  [0m] Started Regular background program processing daemon.
         Starting System Logging Service...
[[0;32m  OK  [0m] Started FUSE filesystem for LXC.
         Starting Snap Daemon...
[[0;32m  OK  [0m] Started D-Bus System Message Bus.
cloud-init[950]: ci-info: +-------+-------------+---------+-----------+-------+
[    6.440565] cloud-init[950]: Generating public/private rsa key pair.
[    6.446920] cloud-init[950]: Your identification has been saved in /etc/ssh/ssh_host_rsa_key.
[    6.457507] cloud-init[950]: Your public key has been saved in /etc/ssh/ssh_host_rsa_key.pub.
[    6.461970] cloud-init[950]: The key fingerprint is:
[    6.465351] cloud-init[950]: SHA256:9rp6L6/b30Qw7fQSY8JocQbsJGx38xHJ1pxBxtlE+so root@ubuntu-xenial
[    6.467851] cloud-init[950]: The key's randomart image is:
[    6.471131] cloud-init[[0;32m  OK  [0m] Started Deferred execution scheduler.
         Starting Virtualbox guest utils...
         Starting /etc/rc.local Compatibility...
         Starting LSB: Record successful boot for GRUB...
[[0;32m  OK  [0m] Started System Logging Service.
[950]: [[0;32m  OK  [0m] Started /etc/rc.local Compatibility.
         Starting Authenticate and Authorize Users to Run Privileged Tasks...
[[0;32m  OK  [0m] Started Login Service.
[[0;32m  OK  [0m] Started Unattended Upgrades Shutdown.
[[0;32m  OK  [0m] Started iSCSI initiator daemon (iscsid).
         Starting Login to default iSCSI targets...
+---[RSA 2048]----+
[    6.516519] [[0;32m  OK  [0m] Started LSB: MD monitoring daemon.
cloud-init[950]: [[0;32m  OK  [0m] Started Login to default iSCSI targets.
[[0;32m  OK  [0m] Reached target Remote File Systems (Pre).
|       . .o.o.+@B|
[[0;32m  OK  [0m] Reached target Remote File Systems.
         Starting LSB: Set the CPU Frequency Scaling governor to "ondemand"...
         Starting LSB: daemon to balance interrupts for SMP systems...
         Starting LSB: automatic crash report generation...
         Starting Permit User Sessions...
[    6.519591] cloud-init[950]: |        + +*o.*=+|[[0;32m  OK  [0m] Started Permit User Sessions.
         Starting Terminate Plymouth Boot Screen...
         Starting Hold until boot process finishes up...

[[0;32m  OK  [0m] Started Hold until boot process finishes up.
[    6.539153] [[0;32m  OK  [0m] Started Getty on tty1.
         Starting Set console scheme...
[[0;32m  OK  [0m] Started Serial Getty on ttyS0.
[[0;32m  OK  [0m] Reached target Login Prompts.
cloud-init[950]: |       . =o.=+B. |
[[0;32m  OK  [0m] Started Terminate Plymouth Boot Screen.
[    6.546609] cloud-init[950]: |         ..  B.= |
[    6.553825] cloud-init[950]: [[0;32m  OK  [0m] Started Set console scheme.
|        S     + o|
[    6.566046] cloud-init[[0;32m  OK  [0m] Started Authenticate and Authorize Users to Run Privileged Tasks.
[[0;32m  OK  [0m] Started Accounts Service.
[[0;32m  OK  [0m] Started LSB: Set the CPU Frequency Scaling governor to "ondemand".
[950]: |       . .   o o |
[    6.580603] cloud-init[950]: |          .   E  |
[[0;32m  OK  [0m] Started LXD - container startup/shutdown.
[    6.582885] cloud-init[[0;32m  OK  [0m] Started LSB: Record successful boot for GRUB.
[[0;32m  OK  [0m] Started LSB: daemon to balance interrupts for SMP systems.
[950]: |        oo   o   |
[[0;32m  OK  [0m] Started LSB: automatic crash report generation.
[    6.593608] cloud-init[950]: |      .o=B+.. .  |
[    6.595059] cloud-init[950]: +----[SHA256]-----+
[    6.598985] cloud-init[950]: Generating public/private dsa key pair.
[    6.600076] cloud-init[950]: Your identification has been saved in /etc/ssh/ssh_host_dsa_key.
[    6.603411] cloud-init[950]: Your public key has been saved in /etc/ssh/ssh_host_dsa_key.pub.
[    6.607821] cloud-init[950]: The key fingerprint is:
[    6.608917] cloud-init[950]: SHA256:7GdL4HHOObG062A/XeOLdU0krmIdyxhZZzbnuQRzCz0 root@ubuntu-xenial
[    6.610387] cloud-init[950]: The key's randomart image is:
[    6.611630] cloud-init[950]: +---[DSA 1024]----+
[    6.613490] cloud-init[950]: |                 |
[    6.621281] cloud-init[950]: |              .  |
[    6.622411] cloud-init[950]: |            .+*Eo|
[    6.623708] cloud-init[950]: |       .   o ==*+|
[    6.624855] cloud-init[950]: |        S * . .+o|
[    6.625746] cloud-init[950]: |       o B X ++.o|
[    6.627559] cloud-init[950]: |        = #.=o.oo|
[    6.630517] cloud-init[950]: |       . B.=.o.. |
[    6.634106] cloud-init[950]: |         .=.. .. |
[    6.637549] cloud-init[950]: +----[SHA256]-----+
[    6.640190] cloud-init[950]: Generating public/private ecdsa key pair.
[    6.641479] cloud-init[950]: [[0;32m  OK  [0m] Started Virtualbox guest utils.
Your identification has been saved in /etc/ssh/ssh_host_ecdsa_key.
[    6.649771] cloud-init[950]: Your public key has been saved in /etc/ssh/ssh_host_ecdsa_key.pub.
[    6.653718] cloud-init[950]: The key fingerprint is:
[    6.654821] cloud-init[950]: SHA256:XtI+w+kZ4tQbEdl20AQCRCW3teb8Z3hGhHpKa+oQNKA root@ubuntu-xenial
[    6.656424] cloud-init[950]: The key's randomart image is:
[    6.657731] cloud-init[950]: +---[ECDSA 256]---+
[    6.658584] cloud-init[950]: |      .o=o+ ++.  |
[    6.659365] cloud-init[950]: |     . . o * o.. |
[    6.664691] cloud-init[950]: |    E   o + = o .|
[    6.665864] cloud-init[950]: |       . o * o . |
[    6.672533] cloud-init[950]: |        S + = . .|
[    6.673318] cloud-init[950]: |       . B + = o |
[    6.674207] cloud-init[950]: |        = X + o =|
[    6.675072] cloud-init[950]: |       o + X   = |
[    6.676189] cloud-init[950]: |        ..*      |
[    6.677105] cloud-init[950]: +----[SHA256]-----+
[    6.688564] cloud-init[950]: Generating public/private ed25519 key pair.
[    6.690650] cloud-init[950]: Your identification has been saved in /etc/ssh/ssh_host_ed25519_key.
[    6.692866] cloud-init[950]: Your public key has been saved in /etc/ssh/ssh_host_ed25519_key.pub.
[    6.700701] cloud-init[950]: The key fingerprint is:
[    6.701802] cloud-init[950]: SHA256:G3J4mNVmFk+zRsXfbkqqJH9ynYrpnvzTeftGv1K1vlw root@ubuntu-xenial
[    6.703280] cloud-init[950]: The key's randomart image is:
[    6.712227] [[0;32m  OK  [0m] Started Snap Daemon.
cloud-init[950]: +--[ED25519 256]--+
[    6.714156] cloud-init[950]: |          . +o.  |
[    6.715783] cloud-init[950]: |         . = o.  |
[    6.717864] cloud-init[950]: |        . = +  ..|
[    6.719575] cloud-init[950]: |       = + .    +|
[    6.720732] cloud-init[950]: |      = S      .o|
[    6.723045] cloud-init[950]: |       + o    .o+|
[    6.724869] cloud-init[950]: |        o .  =o*E|         Starting Wait until snapd is fully seeded...

[    6.729497] cloud-init[950]: |         =.+=.B.=|
[    6.731909] cloud-init[950]: |         oX*oo.B*|
[    6.735831] cloud-init[950]: +----[SHA256]-----+
[[0;32m  OK  [0m] Started Pollinate to seed the pseudo random number generator.
         Starting OpenBSD Secure Shell server...
[[0;32m  OK  [0m] Started OpenBSD Secure Shell server.
[[0;32m  OK  [0m] Started Wait until snapd is fully seeded.
         Starting Apply the settings specified in cloud-config...
[[0;32m  OK  [0m] Reached target Multi-User System.
[[0;32m  OK  [0m] Reached target Graphical Interface.
         Starting Update UTMP about System Runlevel Changes...
[[0;32m  OK  [0m] Started Update UTMP about System Runlevel Changes.
[    8.601259] cloud-init[1303]: Generating locales (this might take a while)...
[    9.155882] cloud-init[1303]:   en_US.UTF-8... done
[    9.157032] cloud-init[1303]: Generation complete.
[    9.364219] cloud-init[1303]: Cloud-init v. 20.4-0ubuntu1~16.04.2 running 'modules:config' at Fri, 26 Mar 2021 22:30:03 +0000. Up 8.52 seconds.
[[0;32m  OK  [0m] Started Apply the settings specified in cloud-config.
         Starting Execute cloud user/final scripts...
ci-info: no authorized SSH keys fingerprints found for user ubuntu.
<14>Mar 26 22:30:04 ec2: 
<14>Mar 26 22:30:04 ec2: #############################################################
<14>Mar 26 22:30:04 ec2: -----BEGIN SSH HOST KEY FINGERPRINTS-----
<14>Mar 26 22:30:04 ec2: 1024 SHA256:7GdL4HHOObG062A/XeOLdU0krmIdyxhZZzbnuQRzCz0 root@ubuntu-xenial (DSA)
<14>Mar 26 22:30:04 ec2: 256 SHA256:XtI+w+kZ4tQbEdl20AQCRCW3teb8Z3hGhHpKa+oQNKA root@ubuntu-xenial (ECDSA)
<14>Mar 26 22:30:04 ec2: 256 SHA256:G3J4mNVmFk+zRsXfbkqqJH9ynYrpnvzTeftGv1K1vlw root@ubuntu-xenial (ED25519)
<14>Mar 26 22:30:04 ec2: 2048 SHA256:9rp6L6/b30Qw7fQSY8JocQbsJGx38xHJ1pxBxtlE+so root@ubuntu-xenial (RSA)
<14>Mar 26 22:30:04 ec2: -----END SSH HOST KEY FINGERPRINTS-----
<14>Mar 26 22:30:04 ec2: #############################################################
-----BEGIN SSH HOST KEY KEYS-----
ecdsa-sha2-nistp256 AAAAE2VjZHNhLXNoYTItbmlzdHAyNTYAAAAIbmlzdHAyNTYAAABBBNt1ibVr9r1x+H0u+T8KFw5oC75SlcelB/j4uU4XqclU0vDKNFkLNKmdAoTRcHapah4G4S4ieLNw1+IMBcX1Fo0= root@ubuntu-xenial
ssh-ed25519 AAAAC3NzaC1lZDI1NTE5AAAAIIBizg3wkUAVEOBD0NjZBxU8AMV375MmH7hWw4QNpZh8 root@ubuntu-xenial
ssh-rsa AAAAB3NzaC1yc2EAAAADAQABAAABAQC0zfYYSqQBTQNyDare/F/VgTACHAbmWt23dGArEqi5x5Q8WwVQiWhfG+vLOShHYvR8O60hmi7zgRF97/NXk6SkHRBA0CtxzKY5R3xc00947aLjPTivwUNRnrqB6v9vsx1ji5LAp2EuReVQPYv/mlLrMXJCoV//B81I1pkidTAsLRE8+BM9qG+qmqLODXR7POdttYj9KggCuFVWCqPUtMyG7Pt0CxnLpW/RKmwMtHzQudFvADakILqdT7OHo9J+9DnK5e4VSs17UgLrW/1msZEfBPwDZ/n73rIT+mDJYwlAjHqgZO9Huvw0050nd2MMjYIaD0N0coozh5aTm+ln4U/j root@ubuntu-xenial
-----END SSH HOST KEY KEYS-----
[    9.743330] cloud-init[1347]: Cloud-init v. 20.4-0ubuntu1~16.04.2 running 'modules:final' at Fri, 26 Mar 2021 22:30:04 +0000. Up 9.62 seconds.
[    9.745136] cloud-init[1347]: ci-info: no authorized SSH keys fingerprints found for user ubuntu.
[    9.753158] cloud-init[1347]: Cloud-init v. 20.4-0ubuntu1~16.04.2 finished at Fri, 26 Mar 2021 22:30:04 +0000. Datasource DataSourceNoCloud [seed=/dev/sdb][dsmode=net].  Up 9.73 seconds
[[0;32m  OK  [0m] Started Execute cloud user/final scripts.
[[0;32m  OK  [0m] Reached target Cloud-init target.

Ubuntu 16.04.7 LTS ubuntu-xenial ttyS0

ubuntu-xenial login: 